<?xml version="1.0" encoding="UTF-8"?>
<!-- Generated by org.testng.reporters.JUnitXMLReporter -->
<testsuite hostname="Rajesh-PC" name="Test" tests="7" failures="0" timestamp="23 Jul 2020 06:15:53 GMT" time="55.931" errors="0">
  <testcase name="MethodTwo" time="0.005" classname="Testng.One"/>
  <testcase name="MethodOne" time="0.001" classname="Testng.One"/>
  <testcase name="A" time="0.001" classname="Testng.Two"/>
  <testcase name="SmokeTest1" time="0.002" classname="Testng.Two"/>
  <testcase name="SmokeTest2" time="0.001" classname="Testng.Two"/>
  <testcase name="Three" time="27.968" classname="Testng.Links"/>
  <testcase name="DependOn" time="0.002" classname="Testng.Two"/>
</testsuite> <!-- Test -->
