<?xml version="1.0" encoding="UTF-8"?>
<!-- Generated by org.testng.reporters.JUnitXMLReporter -->
<testsuite hostname="Rajesh-PC" name="TestNG" tests="7" failures="0" timestamp="21 Jun 2020 14:38:35 GMT" time="34.305" errors="0">
  <testcase name="InvokeBrowser" time="3.447" classname="scripts.ChromeProfile"/>
  <testcase name="MethodOne" time="0.002" classname="Testng.One"/>
  <testcase name="MethodTwo" time="0.003" classname="Testng.One"/>
  <testcase name="Browser" time="3.85" classname="scripts.WithOutSystemDotSetProperty"/>
  <testcase name="MethodTwo" time="0.002" classname="Testng.Two"/>
  <testcase name="InvokeBrowser" time="3.299" classname="Testng.Links"/>
  <testcase name="Three" time="21.377" classname="Testng.Links"/>
</testsuite> <!-- TestNG -->
